#
# There is insufficient memory for the Java Runtime Environment to continue.
# Native memory allocation (malloc) failed to allocate 1998672 bytes for Chunk::new
# Possible reasons:
#   The system is out of physical RAM or swap space
#   The process is running with CompressedOops enabled, and the Java Heap may be blocking the growth of the native heap
# Possible solutions:
#   Reduce memory load on the system
#   Increase physical memory or swap space
#   Check if swap backing store is full
#   Decrease Java heap size (-Xmx/-Xms)
#   Decrease number of Java threads
#   Decrease Java thread stack sizes (-Xss)
#   Set larger code cache with -XX:ReservedCodeCacheSize=
#   JVM is running with Zero Based Compressed Oops mode in which the Java heap is
#     placed in the first 32GB address space. The Java Heap base address is the
#     maximum limit for the native heap growth. Please use -XX:HeapBaseMinAddress
#     to set the Java Heap base and to place the Java Heap above 32GB virtual address.
# This output file may be truncated or incomplete.
#
#  Out of Memory Error (arena.cpp:191), pid=19876, tid=14068
#
# JRE version: OpenJDK Runtime Environment (17.0.10) (build 17.0.10+0--11609105)
# Java VM: OpenJDK 64-Bit Server VM (17.0.10+0--11609105, mixed mode, tiered, compressed oops, compressed class ptrs, g1 gc, windows-amd64)
# No core dump will be written. Minidumps are not enabled by default on client versions of Windows
#

---------------  S U M M A R Y ------------

Command Line: -XX:+HeapDumpOnOutOfMemoryError --add-opens=java.base/java.util=ALL-UNNAMED --add-opens=java.base/java.lang=ALL-UNNAMED --add-opens=java.base/java.lang.invoke=ALL-UNNAMED --add-opens=java.prefs/java.util.prefs=ALL-UNNAMED --add-opens=java.base/java.nio.charset=ALL-UNNAMED --add-opens=java.base/java.net=ALL-UNNAMED --add-opens=java.base/java.util.concurrent.atomic=ALL-UNNAMED -Xmx4G -Dfile.encoding=windows-1252 -Duser.country=US -Duser.language=en -Duser.variant org.gradle.launcher.daemon.bootstrap.GradleDaemon 7.6.3

Host: AMD Ryzen 5 5600H with Radeon Graphics         , 12 cores, 15G,  Windows 11 , 64 bit Build 22621 (10.0.22621.3672)
Time: Tue Jul 23 12:44:14 2024 Iran Standard Time elapsed time: 4.772867 seconds (0d 0h 0m 4s)

---------------  T H R E A D  ---------------

Current thread (0x000001a50e3e6840):  JavaThread "C2 CompilerThread1" daemon [_thread_in_native, id=14068, stack(0x0000007109800000,0x0000007109900000)]


Current CompileTask:
C2:   4772 4028       4       java.net.URLClassLoader$1::run (5 bytes)

Stack: [0x0000007109800000,0x0000007109900000]
Native frames: (J=compiled Java code, j=interpreted, Vv=VM code, C=native code)
V  [jvm.dll+0x688de9]
V  [jvm.dll+0x8423da]
V  [jvm.dll+0x84401e]
V  [jvm.dll+0x844683]
V  [jvm.dll+0x24be0f]
V  [jvm.dll+0xac524]
V  [jvm.dll+0xacb6c]
V  [jvm.dll+0x36bd67]
V  [jvm.dll+0x33615a]
V  [jvm.dll+0x3355fa]
V  [jvm.dll+0x21daa1]
V  [jvm.dll+0x21cec1]
V  [jvm.dll+0x1a60ad]
V  [jvm.dll+0x22cd78]
V  [jvm.dll+0x22aeb0]
V  [jvm.dll+0x7f6877]
V  [jvm.dll+0x7f0c7a]
V  [jvm.dll+0x687c65]
C  [ucrtbase.dll+0x29333]
C  [KERNEL32.DLL+0x1257d]
C  [ntdll.dll+0x5af28]


---------------  P R O C E S S  ---------------

Threads class SMR info:
_java_thread_list=0x000001a50e7bb730, length=38, elements={
0x000001a565f80140, 0x000001a57ef7eb60, 0x000001a57ef7f9e0, 0x000001a57efdfd10,
0x000001a57efe0aa0, 0x000001a57efe15c0, 0x000001a57efda270, 0x000001a57efdb270,
0x000001a57efee5b0, 0x000001a57efeefb0, 0x000001a57f153bc0, 0x000001a57f1540a0,
0x000001a50c8bc8d0, 0x000001a50d3c0170, 0x000001a50cdd8ae0, 0x000001a50d240fc0,
0x000001a50cbcbc40, 0x000001a50c465010, 0x000001a50c467da0, 0x000001a50c466e70,
0x000001a50c4682b0, 0x000001a50c465520, 0x000001a50c467380, 0x000001a50c466960,
0x000001a50c465a30, 0x000001a50e3e6840, 0x000001a50c4687c0, 0x000001a50c465f40,
0x000001a50c467890, 0x000001a50e580880, 0x000001a50e57f950, 0x000001a50e57e000,
0x000001a50e580d90, 0x000001a50e57daf0, 0x000001a50e581cc0, 0x000001a50e5821d0,
0x000001a50e583b20, 0x000001a50e57ef30
}

Java Threads: ( => current thread )
  0x000001a565f80140 JavaThread "main" [_thread_blocked, id=336, stack(0x0000007106d00000,0x0000007106e00000)]
  0x000001a57ef7eb60 JavaThread "Reference Handler" daemon [_thread_blocked, id=19872, stack(0x0000007107400000,0x0000007107500000)]
  0x000001a57ef7f9e0 JavaThread "Finalizer" daemon [_thread_blocked, id=20024, stack(0x0000007107500000,0x0000007107600000)]
  0x000001a57efdfd10 JavaThread "Signal Dispatcher" daemon [_thread_blocked, id=4800, stack(0x0000007107600000,0x0000007107700000)]
  0x000001a57efe0aa0 JavaThread "Attach Listener" daemon [_thread_blocked, id=20096, stack(0x0000007107700000,0x0000007107800000)]
  0x000001a57efe15c0 JavaThread "Service Thread" daemon [_thread_blocked, id=11600, stack(0x0000007107800000,0x0000007107900000)]
  0x000001a57efda270 JavaThread "Monitor Deflation Thread" daemon [_thread_blocked, id=11432, stack(0x0000007107900000,0x0000007107a00000)]
  0x000001a57efdb270 JavaThread "C2 CompilerThread0" daemon [_thread_in_native, id=7660, stack(0x0000007107a00000,0x0000007107b00000)]
  0x000001a57efee5b0 JavaThread "C1 CompilerThread0" daemon [_thread_blocked, id=19984, stack(0x0000007107b00000,0x0000007107c00000)]
  0x000001a57efeefb0 JavaThread "Sweeper thread" daemon [_thread_blocked, id=11864, stack(0x0000007107c00000,0x0000007107d00000)]
  0x000001a57f153bc0 JavaThread "Common-Cleaner" daemon [_thread_blocked, id=19608, stack(0x0000007107d00000,0x0000007107e00000)]
  0x000001a57f1540a0 JavaThread "Notification Thread" daemon [_thread_blocked, id=17108, stack(0x0000007107e00000,0x0000007107f00000)]
  0x000001a50c8bc8d0 JavaThread "Daemon health stats" [_thread_blocked, id=8908, stack(0x0000007108500000,0x0000007108600000)]
  0x000001a50d3c0170 JavaThread "Incoming local TCP Connector on port 52248" [_thread_in_native, id=9084, stack(0x0000007108600000,0x0000007108700000)]
  0x000001a50cdd8ae0 JavaThread "Daemon periodic checks" [_thread_blocked, id=14304, stack(0x0000007108700000,0x0000007108800000)]
  0x000001a50d240fc0 JavaThread "Daemon" [_thread_blocked, id=4840, stack(0x0000007108800000,0x0000007108900000)]
  0x000001a50cbcbc40 JavaThread "Handler for socket connection from /127.0.0.1:52248 to /127.0.0.1:52249" [_thread_in_native, id=2932, stack(0x0000007108900000,0x0000007108a00000)]
  0x000001a50c465010 JavaThread "Cancel handler" [_thread_blocked, id=19060, stack(0x0000007108a00000,0x0000007108b00000)]
  0x000001a50c467da0 JavaThread "Daemon worker" [_thread_in_vm, id=924, stack(0x0000007108b00000,0x0000007108c00000)]
  0x000001a50c466e70 JavaThread "Asynchronous log dispatcher for DefaultDaemonConnection: socket connection from /127.0.0.1:52248 to /127.0.0.1:52249" [_thread_blocked, id=8880, stack(0x0000007108c00000,0x0000007108d00000)]
  0x000001a50c4682b0 JavaThread "Stdin handler" [_thread_blocked, id=10588, stack(0x0000007108d00000,0x0000007108e00000)]
  0x000001a50c465520 JavaThread "Daemon client event forwarder" [_thread_blocked, id=17992, stack(0x0000007108e00000,0x0000007108f00000)]
  0x000001a50c467380 JavaThread "Cache worker for journal cache (C:\Users\Admin\.gradle\caches\journal-1)" [_thread_blocked, id=8608, stack(0x0000007108f00000,0x0000007109000000)]
  0x000001a50c466960 JavaThread "File lock request listener" [_thread_in_native, id=14540, stack(0x0000007109000000,0x0000007109100000)]
  0x000001a50c465a30 JavaThread "Cache worker for file hash cache (C:\Users\Admin\.gradle\caches\7.6.3\fileHashes)" [_thread_blocked, id=18204, stack(0x0000007109700000,0x0000007109800000)]
=>0x000001a50e3e6840 JavaThread "C2 CompilerThread1" daemon [_thread_in_native, id=14068, stack(0x0000007109800000,0x0000007109900000)]
  0x000001a50c4687c0 JavaThread "File watcher server" daemon [_thread_in_native, id=17704, stack(0x0000007109900000,0x0000007109a00000)]
  0x000001a50c465f40 JavaThread "File watcher consumer" daemon [_thread_blocked, id=13120, stack(0x0000007109a00000,0x0000007109b00000)]
  0x000001a50c467890 JavaThread "Cache worker for checksums cache (C:\Users\Admin\StudioProjects\myloginlogout\android\.gradle\7.6.3\checksums)" [_thread_blocked, id=11468, stack(0x0000007109b00000,0x0000007109c00000)]
  0x000001a50e580880 JavaThread "Cache worker for cache directory md-rule (C:\Users\Admin\.gradle\caches\7.6.3\md-rule)" [_thread_blocked, id=14460, stack(0x0000007109c00000,0x0000007109d00000)]
  0x000001a50e57f950 JavaThread "Cache worker for file content cache (C:\Users\Admin\.gradle\caches\7.6.3\fileContent)" [_thread_blocked, id=19528, stack(0x0000007109d00000,0x0000007109e00000)]
  0x000001a50e57e000 JavaThread "Cache worker for file hash cache (C:\Users\Admin\StudioProjects\myloginlogout\android\.gradle\7.6.3\fileHashes)" [_thread_blocked, id=6592, stack(0x0000007109e00000,0x0000007109f00000)]
  0x000001a50e580d90 JavaThread "Cache worker for cache directory md-supplier (C:\Users\Admin\.gradle\caches\7.6.3\md-supplier)" [_thread_blocked, id=308, stack(0x0000007109f00000,0x000000710a000000)]
  0x000001a50e57daf0 JavaThread "Cache worker for execution history cache (C:\Users\Admin\.gradle\caches\7.6.3\executionHistory)" [_thread_blocked, id=1772, stack(0x000000710a000000,0x000000710a100000)]
  0x000001a50e581cc0 JavaThread "jar transforms" [_thread_blocked, id=14512, stack(0x000000710a100000,0x000000710a200000)]
  0x000001a50e5821d0 JavaThread "Cache worker for kotlin-dsl (C:\Users\Admin\.gradle\caches\7.6.3\kotlin-dsl)" [_thread_blocked, id=2184, stack(0x000000710a200000,0x000000710a300000)]
  0x000001a50e583b20 JavaThread "jar transforms Thread 2" [_thread_blocked, id=20256, stack(0x000000710a300000,0x000000710a400000)]
  0x000001a50e57ef30 JavaThread "Cache worker for dependencies-accessors (C:\Users\Admin\StudioProjects\myloginlogout\android\.gradle\7.6.3\dependencies-accessors)" [_thread_blocked, id=19628, stack(0x000000710a400000,0x000000710a500000)]

Other Threads:
  0x000001a57ef7c610 VMThread "VM Thread" [stack: 0x0000007107300000,0x0000007107400000] [id=3044]
  0x000001a57f0ba440 WatcherThread [stack: 0x0000007107f00000,0x0000007108000000] [id=20468]
  0x000001a565fec9a0 GCTaskThread "GC Thread#0" [stack: 0x0000007106e00000,0x0000007106f00000] [id=13352]
  0x000001a50c1563e0 GCTaskThread "GC Thread#1" [stack: 0x0000007108100000,0x0000007108200000] [id=17856]
  0x000001a57fc2ec50 GCTaskThread "GC Thread#2" [stack: 0x0000007108200000,0x0000007108300000] [id=10840]
  0x000001a57fb6bc40 GCTaskThread "GC Thread#3" [stack: 0x0000007108300000,0x0000007108400000] [id=2796]
  0x000001a50c43c420 GCTaskThread "GC Thread#4" [stack: 0x0000007108400000,0x0000007108500000] [id=11460]
  0x000001a50d3cd310 GCTaskThread "GC Thread#5" [stack: 0x0000007108000000,0x0000007108100000] [id=20240]
  0x000001a50d3ce0d0 GCTaskThread "GC Thread#6" [stack: 0x0000007109100000,0x0000007109200000] [id=17400]
  0x000001a50d3ce390 GCTaskThread "GC Thread#7" [stack: 0x0000007109200000,0x0000007109300000] [id=15884]
  0x000001a50d3cc810 GCTaskThread "GC Thread#8" [stack: 0x0000007109300000,0x0000007109400000] [id=19952]
  0x000001a50d3cd890 GCTaskThread "GC Thread#9" [stack: 0x0000007109400000,0x0000007109500000] [id=4512]
  0x000001a565fff900 ConcurrentGCThread "G1 Main Marker" [stack: 0x0000007106f00000,0x0000007107000000] [id=19076]
  0x000001a566000ac0 ConcurrentGCThread "G1 Conc#0" [stack: 0x0000007107000000,0x0000007107100000] [id=16880]
  0x000001a50d3ccd90 ConcurrentGCThread "G1 Conc#1" [stack: 0x0000007109500000,0x0000007109600000] [id=4740]
  0x000001a50d3cd050 ConcurrentGCThread "G1 Conc#2" [stack: 0x0000007109600000,0x0000007109700000] [id=19884]
  0x000001a57eca3d50 ConcurrentGCThread "G1 Refine#0" [stack: 0x0000007107100000,0x0000007107200000] [id=13248]
  0x000001a57eca4780 ConcurrentGCThread "G1 Service" [stack: 0x0000007107200000,0x0000007107300000] [id=14632]

Threads with active compile tasks:
C2 CompilerThread0     4800 4030   !   4       java.net.URLClassLoader$1::run (81 bytes)
C2 CompilerThread1     4800 4028       4       java.net.URLClassLoader$1::run (5 bytes)

VM state: not at safepoint (normal execution)

VM Mutex/Monitor currently owned by a thread: None

Heap address: 0x0000000700000000, size: 4096 MB, Compressed Oops mode: Zero based, Oop shift amount: 3

CDS archive(s) not mapped
Compressed class space mapped at: 0x0000000800000000-0x0000000840000000, reserved size: 1073741824
Narrow klass base: 0x0000000800000000, Narrow klass shift: 0, Narrow klass range: 0x40000000

GC Precious Log:
 CPUs: 12 total, 12 available
 Memory: 15711M
 Large Page Support: Disabled
 NUMA Support: Disabled
 Compressed Oops: Enabled (Zero based)
 Heap Region Size: 2M
 Heap Min Capacity: 8M
 Heap Initial Capacity: 246M
 Heap Max Capacity: 4G
 Pre-touch: Disabled
 Parallel Workers: 10
 Concurrent Workers: 3
 Concurrent Refinement Workers: 10
 Periodic GC: Disabled

Heap:
 garbage-first heap   total 75776K, used 52096K [0x0000000700000000, 0x0000000800000000)
  region size 2048K, 13 young (26624K), 2 survivors (4096K)
 Metaspace       used 47002K, committed 47488K, reserved 1114112K
  class space    used 6212K, committed 6400K, reserved 1048576K

Heap Regions: E=young(eden), S=young(survivor), O=old, HS=humongous(starts), HC=humongous(continues), CS=collection set, F=free, OA=open archive, CA=closed archive, TAMS=top-at-mark-start (previous, next)
|   0|0x0000000700000000, 0x0000000700200000, 0x0000000700200000|100%|HS|  |TAMS 0x0000000700200000, 0x0000000700000000| Complete 
|   1|0x0000000700200000, 0x0000000700400000, 0x0000000700400000|100%|HC|  |TAMS 0x0000000700400000, 0x0000000700200000| Complete 
|   2|0x0000000700400000, 0x0000000700600000, 0x0000000700600000|100%| O|  |TAMS 0x0000000700600000, 0x0000000700400000| Untracked 
|   3|0x0000000700600000, 0x0000000700800000, 0x0000000700800000|100%| O|  |TAMS 0x0000000700800000, 0x0000000700600000| Untracked 
|   4|0x0000000700800000, 0x00000007009cd400, 0x0000000700a00000| 90%| O|  |TAMS 0x00000007009cd400, 0x0000000700800000| Untracked 
|   5|0x0000000700a00000, 0x0000000700c00000, 0x0000000700c00000|100%| O|  |TAMS 0x0000000700c00000, 0x0000000700a00000| Untracked 
|   6|0x0000000700c00000, 0x0000000700e00000, 0x0000000700e00000|100%| O|  |TAMS 0x0000000700e00000, 0x0000000700c00000| Untracked 
|   7|0x0000000700e00000, 0x0000000701000000, 0x0000000701000000|100%| O|  |TAMS 0x0000000701000000, 0x0000000700e00000| Untracked 
|   8|0x0000000701000000, 0x0000000701200000, 0x0000000701200000|100%| O|  |TAMS 0x0000000701200000, 0x0000000701000000| Untracked 
|   9|0x0000000701200000, 0x0000000701400000, 0x0000000701400000|100%| O|  |TAMS 0x0000000701400000, 0x0000000701200000| Untracked 
|  10|0x0000000701400000, 0x0000000701600000, 0x0000000701600000|100%| O|  |TAMS 0x0000000701400000, 0x0000000701400000| Untracked 
|  11|0x0000000701600000, 0x0000000701800000, 0x0000000701800000|100%| O|  |TAMS 0x0000000701600000, 0x0000000701600000| Untracked 
|  12|0x0000000701800000, 0x0000000701a00000, 0x0000000701a00000|100%| O|  |TAMS 0x0000000701891a00, 0x0000000701800000| Untracked 
|  13|0x0000000701a00000, 0x0000000701c00000, 0x0000000701c00000|100%| O|  |TAMS 0x0000000701a00000, 0x0000000701a00000| Untracked 
|  14|0x0000000701c00000, 0x0000000701ce2600, 0x0000000701e00000| 44%| O|  |TAMS 0x0000000701c00000, 0x0000000701c00000| Untracked 
|  15|0x0000000701e00000, 0x0000000701e00000, 0x0000000702000000|  0%| F|  |TAMS 0x0000000701e00000, 0x0000000701e00000| Untracked 
|  16|0x0000000702000000, 0x0000000702000000, 0x0000000702200000|  0%| F|  |TAMS 0x0000000702000000, 0x0000000702000000| Untracked 
|  17|0x0000000702200000, 0x0000000702200000, 0x0000000702400000|  0%| F|  |TAMS 0x0000000702200000, 0x0000000702200000| Untracked 
|  18|0x0000000702400000, 0x0000000702400000, 0x0000000702600000|  0%| F|  |TAMS 0x0000000702400000, 0x0000000702400000| Untracked 
|  19|0x0000000702600000, 0x0000000702630740, 0x0000000702800000|  9%| S|CS|TAMS 0x0000000702600000, 0x0000000702600000| Complete 
|  20|0x0000000702800000, 0x0000000702800000, 0x0000000702a00000|  0%| F|  |TAMS 0x0000000702800000, 0x0000000702800000| Untracked 
|  21|0x0000000702a00000, 0x0000000702a00000, 0x0000000702c00000|  0%| F|  |TAMS 0x0000000702a00000, 0x0000000702a00000| Untracked 
|  22|0x0000000702c00000, 0x0000000702c00000, 0x0000000702e00000|  0%| F|  |TAMS 0x0000000702c00000, 0x0000000702c00000| Untracked 
|  23|0x0000000702e00000, 0x0000000703000000, 0x0000000703000000|100%| S|CS|TAMS 0x0000000702e00000, 0x0000000702e00000| Complete 
|  24|0x0000000703000000, 0x0000000703000000, 0x0000000703200000|  0%| F|  |TAMS 0x0000000703000000, 0x0000000703000000| Untracked 
|  25|0x0000000703200000, 0x0000000703200000, 0x0000000703400000|  0%| F|  |TAMS 0x0000000703200000, 0x0000000703200000| Untracked 
|  26|0x0000000703400000, 0x00000007034ee7e0, 0x0000000703600000| 46%| E|  |TAMS 0x0000000703400000, 0x0000000703400000| Complete 
|  27|0x0000000703600000, 0x0000000703800000, 0x0000000703800000|100%| E|CS|TAMS 0x0000000703600000, 0x0000000703600000| Complete 
|  28|0x0000000703800000, 0x0000000703a00000, 0x0000000703a00000|100%| E|CS|TAMS 0x0000000703800000, 0x0000000703800000| Complete 
|  29|0x0000000703a00000, 0x0000000703c00000, 0x0000000703c00000|100%| E|CS|TAMS 0x0000000703a00000, 0x0000000703a00000| Complete 
|  30|0x0000000703c00000, 0x0000000703e00000, 0x0000000703e00000|100%| E|CS|TAMS 0x0000000703c00000, 0x0000000703c00000| Complete 
|  93|0x000000070ba00000, 0x000000070bc00000, 0x000000070bc00000|100%| E|CS|TAMS 0x000000070ba00000, 0x000000070ba00000| Complete 
|  94|0x000000070bc00000, 0x000000070be00000, 0x000000070be00000|100%| E|CS|TAMS 0x000000070bc00000, 0x000000070bc00000| Complete 
|  95|0x000000070be00000, 0x000000070c000000, 0x000000070c000000|100%| E|CS|TAMS 0x000000070be00000, 0x000000070be00000| Complete 
|  96|0x000000070c000000, 0x000000070c200000, 0x000000070c200000|100%| E|CS|TAMS 0x000000070c000000, 0x000000070c000000| Complete 
|  97|0x000000070c200000, 0x000000070c400000, 0x000000070c400000|100%| E|CS|TAMS 0x000000070c200000, 0x000000070c200000| Complete 
| 122|0x000000070f400000, 0x000000070f600000, 0x000000070f600000|100%| E|CS|TAMS 0x000000070f400000, 0x000000070f400000| Complete 

Card table byte_map: [0x000001a57b0b0000,0x000001a57b8b0000] _byte_map_base: 0x000001a5778b0000

Marking Bits (Prev, Next): (CMBitMap*) 0x000001a565fecfc0, (CMBitMap*) 0x000001a565fed000
 Prev Bits: [0x000001a500000000, 0x000001a504000000)
 Next Bits: [0x000001a504000000, 0x000001a508000000)

Polling page: 0x000001a566030000

Metaspace:

Usage:
  Non-class:     39.83 MB used.
      Class:      6.07 MB used.
       Both:     45.90 MB used.

Virtual space:
  Non-class space:       64.00 MB reserved,      40.12 MB ( 63%) committed,  1 nodes.
      Class space:        1.00 GB reserved,       6.25 MB ( <1%) committed,  1 nodes.
             Both:        1.06 GB reserved,      46.38 MB (  4%) committed. 

Chunk freelists:
   Non-Class:  7.73 MB
       Class:  9.56 MB
        Both:  17.30 MB

MaxMetaspaceSize: unlimited
CompressedClassSpaceSize: 1.00 GB
Initial GC threshold: 21.00 MB
Current GC threshold: 59.06 MB
CDS: off
MetaspaceReclaimPolicy: balanced
 - commit_granule_bytes: 65536.
 - commit_granule_words: 8192.
 - virtual_space_node_default_size: 8388608.
 - enlarge_chunks_in_place: 1.
 - new_chunks_are_fully_committed: 0.
 - uncommit_free_chunks: 1.
 - use_allocation_guard: 0.
 - handle_deallocations: 1.


Internal statistics:

num_allocs_failed_limit: 8.
num_arena_births: 456.
num_arena_deaths: 0.
num_vsnodes_births: 2.
num_vsnodes_deaths: 0.
num_space_committed: 742.
num_space_uncommitted: 0.
num_chunks_returned_to_freelist: 8.
num_chunks_taken_from_freelist: 1816.
num_chunk_merges: 6.
num_chunk_splits: 1238.
num_chunks_enlarged: 902.
num_inconsistent_stats: 0.

CodeHeap 'non-profiled nmethods': size=120000Kb used=2178Kb max_used=2178Kb free=117821Kb
 bounds [0x000001a5726f0000, 0x000001a572960000, 0x000001a579c20000]
CodeHeap 'profiled nmethods': size=120000Kb used=8325Kb max_used=8325Kb free=111674Kb
 bounds [0x000001a56ac20000, 0x000001a56b450000, 0x000001a572150000]
CodeHeap 'non-nmethods': size=5760Kb used=2289Kb max_used=2343Kb free=3470Kb
 bounds [0x000001a572150000, 0x000001a5723c0000, 0x000001a5726f0000]
 total_blobs=4875 nmethods=4078 adapters=708
 compilation: enabled
              stopped_count=0, restarted_count=0
 full_count=0

Compilation events (20 events):
Event: 4.764 Thread 0x000001a57efee5b0 4098       3       sun.reflect.generics.tree.TypeVariableSignature::accept (8 bytes)
Event: 4.764 Thread 0x000001a57efee5b0 nmethod 4098 0x000001a56b433e10 code [0x000001a56b433fe0, 0x000001a56b434428]
Event: 4.764 Thread 0x000001a57efee5b0 4099       3       sun.reflect.generics.visitor.Reifier::visitTypeVariableSignature (18 bytes)
Event: 4.764 Thread 0x000001a57efee5b0 nmethod 4099 0x000001a56b434610 code [0x000001a56b4347e0, 0x000001a56b434b68]
Event: 4.767 Thread 0x000001a57efee5b0 4100       3       com.google.common.reflect.TypeResolver$TypeVariableKey::hashCode (32 bytes)
Event: 4.768 Thread 0x000001a57efee5b0 nmethod 4100 0x000001a56b434d10 code [0x000001a56b434f00, 0x000001a56b435608]
Event: 4.768 Thread 0x000001a57efee5b0 4101       2       org.gradle.internal.reflect.PropertyAccessorType::takesSingleParameter (14 bytes)
Event: 4.768 Thread 0x000001a57efee5b0 nmethod 4101 0x000001a56b435810 code [0x000001a56b4359a0, 0x000001a56b435ab8]
Event: 4.768 Thread 0x000001a57efee5b0 4104       3       org.gradle.internal.reflect.PropertyAccessorType::of (95 bytes)
Event: 4.769 Thread 0x000001a57efee5b0 nmethod 4104 0x000001a56b435b90 code [0x000001a56b435ea0, 0x000001a56b437478]
Event: 4.769 Thread 0x000001a57efee5b0 4102       3       org.gradle.internal.reflect.PropertyAccessorType::takesNoParameter (14 bytes)
Event: 4.770 Thread 0x000001a57efee5b0 nmethod 4102 0x000001a56b437a90 code [0x000001a56b437c40, 0x000001a56b437fc8]
Event: 4.770 Thread 0x000001a57efee5b0 4105       3       org.gradle.internal.reflect.PropertyAccessorType::isGetGetterName (23 bytes)
Event: 4.770 Thread 0x000001a57efee5b0 nmethod 4105 0x000001a56b438110 code [0x000001a56b4382e0, 0x000001a56b438608]
Event: 4.770 Thread 0x000001a57efee5b0 4106       3       org.gradle.internal.reflect.PropertyAccessorType::isSetterName (23 bytes)
Event: 4.770 Thread 0x000001a57efee5b0 nmethod 4106 0x000001a56b438790 code [0x000001a56b438960, 0x000001a56b438c88]
Event: 4.770 Thread 0x000001a57efee5b0 4107       3       org.gradle.internal.reflect.PropertyAccessorType::isIsGetterName (23 bytes)
Event: 4.770 Thread 0x000001a57efee5b0 nmethod 4107 0x000001a56b438e10 code [0x000001a56b438fe0, 0x000001a56b439308]
Event: 4.770 Thread 0x000001a57efee5b0 4108       3       org.gradle.internal.instantiation.generator.AbstractClassGenerator$MethodMetadata::shouldImplement (16 bytes)
Event: 4.770 Thread 0x000001a57efee5b0 nmethod 4108 0x000001a56b439490 code [0x000001a56b439640, 0x000001a56b439898]

GC Heap History (18 events):
Event: 0.776 GC heap before
{Heap before GC invocations=0 (full 0):
 garbage-first heap   total 251904K, used 26624K [0x0000000700000000, 0x0000000800000000)
  region size 2048K, 11 young (22528K), 0 survivors (0K)
 Metaspace       used 10239K, committed 10432K, reserved 1114112K
  class space    used 1061K, committed 1152K, reserved 1048576K
}
Event: 0.779 GC heap after
{Heap after GC invocations=1 (full 0):
 garbage-first heap   total 251904K, used 10058K [0x0000000700000000, 0x0000000800000000)
  region size 2048K, 2 young (4096K), 2 survivors (4096K)
 Metaspace       used 10239K, committed 10432K, reserved 1114112K
  class space    used 1061K, committed 1152K, reserved 1048576K
}
Event: 0.951 GC heap before
{Heap before GC invocations=1 (full 0):
 garbage-first heap   total 251904K, used 32586K [0x0000000700000000, 0x0000000800000000)
  region size 2048K, 14 young (28672K), 2 survivors (4096K)
 Metaspace       used 11180K, committed 11392K, reserved 1114112K
  class space    used 1163K, committed 1280K, reserved 1048576K
}
Event: 0.958 GC heap after
{Heap after GC invocations=2 (full 0):
 garbage-first heap   total 251904K, used 10948K [0x0000000700000000, 0x0000000800000000)
  region size 2048K, 1 young (2048K), 1 survivors (2048K)
 Metaspace       used 11180K, committed 11392K, reserved 1114112K
  class space    used 1163K, committed 1280K, reserved 1048576K
}
Event: 2.010 GC heap before
{Heap before GC invocations=2 (full 0):
 garbage-first heap   total 251904K, used 56004K [0x0000000700000000, 0x0000000800000000)
  region size 2048K, 25 young (51200K), 1 survivors (2048K)
 Metaspace       used 21283K, committed 21504K, reserved 1114112K
  class space    used 2547K, committed 2688K, reserved 1048576K
}
Event: 2.014 GC heap after
{Heap after GC invocations=3 (full 0):
 garbage-first heap   total 251904K, used 18442K [0x0000000700000000, 0x0000000800000000)
  region size 2048K, 5 young (10240K), 5 survivors (10240K)
 Metaspace       used 21283K, committed 21504K, reserved 1114112K
  class space    used 2547K, committed 2688K, reserved 1048576K
}
Event: 2.704 GC heap before
{Heap before GC invocations=4 (full 0):
 garbage-first heap   total 75776K, used 57354K [0x0000000700000000, 0x0000000800000000)
  region size 2048K, 25 young (51200K), 5 survivors (10240K)
 Metaspace       used 27969K, committed 28224K, reserved 1114112K
  class space    used 3699K, committed 3776K, reserved 1048576K
}
Event: 2.708 GC heap after
{Heap after GC invocations=5 (full 0):
 garbage-first heap   total 75776K, used 21233K [0x0000000700000000, 0x0000000800000000)
  region size 2048K, 2 young (4096K), 2 survivors (4096K)
 Metaspace       used 27969K, committed 28224K, reserved 1114112K
  class space    used 3699K, committed 3776K, reserved 1048576K
}
Event: 3.155 GC heap before
{Heap before GC invocations=5 (full 0):
 garbage-first heap   total 75776K, used 49905K [0x0000000700000000, 0x0000000800000000)
  region size 2048K, 16 young (32768K), 2 survivors (4096K)
 Metaspace       used 31985K, committed 32320K, reserved 1114112K
  class space    used 4340K, committed 4480K, reserved 1048576K
}
Event: 3.157 GC heap after
{Heap after GC invocations=6 (full 0):
 garbage-first heap   total 75776K, used 22330K [0x0000000700000000, 0x0000000800000000)
  region size 2048K, 1 young (2048K), 1 survivors (2048K)
 Metaspace       used 31985K, committed 32320K, reserved 1114112K
  class space    used 4340K, committed 4480K, reserved 1048576K
}
Event: 3.417 GC heap before
{Heap before GC invocations=6 (full 0):
 garbage-first heap   total 75776K, used 38714K [0x0000000700000000, 0x0000000800000000)
  region size 2048K, 10 young (20480K), 1 survivors (2048K)
 Metaspace       used 35732K, committed 35968K, reserved 1114112K
  class space    used 4762K, committed 4864K, reserved 1048576K
}
Event: 3.419 GC heap after
{Heap after GC invocations=7 (full 0):
 garbage-first heap   total 75776K, used 24039K [0x0000000700000000, 0x0000000800000000)
  region size 2048K, 2 young (4096K), 2 survivors (4096K)
 Metaspace       used 35732K, committed 35968K, reserved 1114112K
  class space    used 4762K, committed 4864K, reserved 1048576K
}
Event: 3.947 GC heap before
{Heap before GC invocations=8 (full 0):
 garbage-first heap   total 75776K, used 54759K [0x0000000700000000, 0x0000000800000000)
  region size 2048K, 17 young (34816K), 2 survivors (4096K)
 Metaspace       used 40062K, committed 40384K, reserved 1114112K
  class space    used 5285K, committed 5440K, reserved 1048576K
}
Event: 3.950 GC heap after
{Heap after GC invocations=9 (full 0):
 garbage-first heap   total 75776K, used 27475K [0x0000000700000000, 0x0000000800000000)
  region size 2048K, 3 young (6144K), 3 survivors (6144K)
 Metaspace       used 40062K, committed 40384K, reserved 1114112K
  class space    used 5285K, committed 5440K, reserved 1048576K
}
Event: 4.207 GC heap before
{Heap before GC invocations=9 (full 0):
 garbage-first heap   total 75776K, used 56147K [0x0000000700000000, 0x0000000800000000)
  region size 2048K, 17 young (34816K), 3 survivors (6144K)
 Metaspace       used 41907K, committed 42240K, reserved 1114112K
  class space    used 5453K, committed 5568K, reserved 1048576K
}
Event: 4.211 GC heap after
{Heap after GC invocations=10 (full 0):
 garbage-first heap   total 75776K, used 29682K [0x0000000700000000, 0x0000000800000000)
  region size 2048K, 3 young (6144K), 3 survivors (6144K)
 Metaspace       used 41907K, committed 42240K, reserved 1114112K
  class space    used 5453K, committed 5568K, reserved 1048576K
}
Event: 4.483 GC heap before
{Heap before GC invocations=10 (full 0):
 garbage-first heap   total 75776K, used 54258K [0x0000000700000000, 0x0000000800000000)
  region size 2048K, 16 young (32768K), 3 survivors (6144K)
 Metaspace       used 44240K, committed 44672K, reserved 1114112K
  class space    used 5743K, committed 5952K, reserved 1048576K
}
Event: 4.486 GC heap after
{Heap after GC invocations=11 (full 0):
 garbage-first heap   total 75776K, used 31616K [0x0000000700000000, 0x0000000800000000)
  region size 2048K, 2 young (4096K), 2 survivors (4096K)
 Metaspace       used 44240K, committed 44672K, reserved 1114112K
  class space    used 5743K, committed 5952K, reserved 1048576K
}

Dll operation events (2 events):
Event: 0.007 Loaded shared library C:\Program Files\Android\Android Studio\jbr\bin\java.dll
Event: 0.522 Loaded shared library C:\Program Files\Android\Android Studio\jbr\bin\verify.dll

Deoptimization events (20 events):
Event: 4.584 Thread 0x000001a50c467da0 Uncommon trap: trap_request=0xffffffbe fr.pc=0x000001a5728fa6dc relative=0x00000000000030fc
Event: 4.584 Thread 0x000001a50c467da0 Uncommon trap: reason=profile_predicate action=maybe_recompile pc=0x000001a5728fa6dc method=java.util.AbstractCollection.addAll(Ljava/util/Collection;)Z @ 15 c2
Event: 4.584 Thread 0x000001a50c467da0 DEOPT PACKING pc=0x000001a5728fa6dc sp=0x0000007108bf8110
Event: 4.584 Thread 0x000001a50c467da0 DEOPT UNPACKING pc=0x000001a5721a69a3 sp=0x0000007108bf80f8 mode 2
Event: 4.584 Thread 0x000001a50c467da0 Uncommon trap: trap_request=0xffffffbe fr.pc=0x000001a5728fa6dc relative=0x00000000000030fc
Event: 4.584 Thread 0x000001a50c467da0 Uncommon trap: reason=profile_predicate action=maybe_recompile pc=0x000001a5728fa6dc method=java.util.AbstractCollection.addAll(Ljava/util/Collection;)Z @ 15 c2
Event: 4.584 Thread 0x000001a50c467da0 DEOPT PACKING pc=0x000001a5728fa6dc sp=0x0000007108bf8110
Event: 4.584 Thread 0x000001a50c467da0 DEOPT UNPACKING pc=0x000001a5721a69a3 sp=0x0000007108bf80f8 mode 2
Event: 4.759 Thread 0x000001a50c467da0 Uncommon trap: trap_request=0xffffff45 fr.pc=0x000001a5727fe0fc relative=0x00000000000002dc
Event: 4.759 Thread 0x000001a50c467da0 Uncommon trap: reason=unstable_if action=reinterpret pc=0x000001a5727fe0fc method=java.util.HashMap.getNode(Ljava/lang/Object;)Ljava/util/HashMap$Node; @ 57 c2
Event: 4.759 Thread 0x000001a50c467da0 DEOPT PACKING pc=0x000001a5727fe0fc sp=0x0000007108bf6010
Event: 4.759 Thread 0x000001a50c467da0 DEOPT UNPACKING pc=0x000001a5721a69a3 sp=0x0000007108bf5f30 mode 2
Event: 4.759 Thread 0x000001a50c467da0 Uncommon trap: trap_request=0xffffff45 fr.pc=0x000001a57289196c relative=0x000000000000078c
Event: 4.759 Thread 0x000001a50c467da0 Uncommon trap: reason=unstable_if action=reinterpret pc=0x000001a57289196c method=java.util.HashMap.putVal(ILjava/lang/Object;Ljava/lang/Object;ZZ)Ljava/lang/Object; @ 85 c2
Event: 4.759 Thread 0x000001a50c467da0 DEOPT PACKING pc=0x000001a57289196c sp=0x0000007108bf5fe0
Event: 4.759 Thread 0x000001a50c467da0 DEOPT UNPACKING pc=0x000001a5721a69a3 sp=0x0000007108bf5f10 mode 2
Event: 4.762 Thread 0x000001a50c467da0 Uncommon trap: trap_request=0xffffff45 fr.pc=0x000001a5728ae4c4 relative=0x0000000000000304
Event: 4.762 Thread 0x000001a50c467da0 Uncommon trap: reason=unstable_if action=reinterpret pc=0x000001a5728ae4c4 method=org.gradle.internal.reflect.PropertyAccessorType.isGetGetterName(Ljava/lang/String;)Z @ 14 c2
Event: 4.762 Thread 0x000001a50c467da0 DEOPT PACKING pc=0x000001a5728ae4c4 sp=0x0000007108bf6a70
Event: 4.762 Thread 0x000001a50c467da0 DEOPT UNPACKING pc=0x000001a5721a69a3 sp=0x0000007108bf69c8 mode 2

Classes unloaded (0 events):
No events

Classes redefined (0 events):
No events

Internal exceptions (20 events):
Event: 4.262 Thread 0x000001a50c467da0 Exception <a 'java/lang/ClassNotFoundException'{0x000000070c35b338}: org/gradle/plugin/use/internal/PluginRequestCollector$PluginDependencySpecImplBeanInfo> (0x000000070c35b338) 
thrown [s\src\hotspot\share\classfile\systemDictionary.cpp, line 256]
Event: 4.262 Thread 0x000001a50c467da0 Exception <a 'java/lang/ClassNotFoundException'{0x000000070c36ba78}: org/gradle/plugin/use/internal/PluginRequestCollector$PluginDependencySpecImplCustomizer> (0x000000070c36ba78) 
thrown [s\src\hotspot\share\classfile\systemDictionary.cpp, line 256]
Event: 4.320 Thread 0x000001a50c467da0 Exception <a 'java/lang/NoSuchMethodError'{0x000000070be65ef8}: 'java.lang.Object java.lang.invoke.DirectMethodHandle$Holder.invokeSpecial(java.lang.Object, java.lang.Object, java.lang.Object, java.lang.Object, java.lang.Object, java.lang.Object, java.lang.Object, java.lang.Object, java.lang.Object, java.lang.Object)'> (0x000000070be65ef8) 
thrown [s\src\hotspot\share\interpreter\linkResolver.cpp, line 771]
Event: 4.320 Thread 0x000001a50c467da0 Exception <a 'java/lang/NoSuchMethodError'{0x000000070be6f2c8}: 'java.lang.Object java.lang.invoke.Invokers$Holder.invoker(java.lang.Object, java.lang.Object, java.lang.Object, java.lang.Object, java.lang.Object, java.lang.Object, java.lang.Object, java.lang.Object, java.lang.Object)'> (0x000000070be6f2c8) 
thrown [s\src\hotspot\share\interpreter\linkResolver.cpp, line 771]
Event: 4.329 Thread 0x000001a50c467da0 Exception <a 'java/lang/NoSuchMethodError'{0x000000070befc3a8}: 'java.lang.Object java.lang.invoke.Invokers$Holder.invoker(java.lang.Object, java.lang.Object, java.lang.Object, java.lang.Object)'> (0x000000070befc3a8) 
thrown [s\src\hotspot\share\interpreter\linkResolver.cpp, line 771]
Event: 4.341 Thread 0x000001a50c467da0 Exception <a 'java/lang/NoSuchMethodError'{0x000000070bf98d78}: 'java.lang.Object java.lang.invoke.DelegatingMethodHandle$Holder.reinvoke_L(java.lang.Object, java.lang.Object, java.lang.Object, java.lang.Object, java.lang.Object, java.lang.Object, java.lang.Object, java.lang.Object, java.lang.Object, java.lang.Object, java.lang.Object, java.lang.Object, java.lang.Object, java.lang.Object, java.lang.Object, java.lang.Object, java.lang.Object, java.lang.Object, java.lang.Object, java.lang.Object, java.lang.O
Event: 4.342 Thread 0x000001a50c467da0 Exception <a 'java/lang/NoSuchMethodError'{0x000000070bfa4a98}: 'java.lang.Object java.lang.invoke.Invokers$Holder.invoker(java.lang.Object, java.lang.Object, java.lang.Object, java.lang.Object, java.lang.Object, java.lang.Object, java.lang.Object, java.lang.Object, java.lang.Object, java.lang.Object, java.lang.Object, java.lang.Object, java.lang.Object, java.lang.Object, java.lang.Object, java.lang.Object, java.lang.Object, java.lang.Object, java.lang.Object, java.lang.Object, java.lang.Object)'> (0x00000
Event: 4.342 Thread 0x000001a50c467da0 Exception <a 'java/lang/NoSuchMethodError'{0x000000070bfab9a0}: 'java.lang.Object java.lang.invoke.DelegatingMethodHandle$Holder.delegate(java.lang.Object, java.lang.Object, java.lang.Object, java.lang.Object, java.lang.Object, java.lang.Object, java.lang.Object, java.lang.Object, java.lang.Object, java.lang.Object, java.lang.Object, java.lang.Object, java.lang.Object, java.lang.Object, java.lang.Object, java.lang.Object, java.lang.Object, java.lang.Object, java.lang.Object, java.lang.Object, java.lang.Obj
Event: 4.348 Thread 0x000001a50c467da0 Exception <a 'java/lang/NoSuchMethodError'{0x000000070bc34270}: 'java.lang.Object java.lang.invoke.DirectMethodHandle$Holder.invokeStatic(java.lang.Object, java.lang.Object, java.lang.Object, java.lang.Object, java.lang.Object, java.lang.Object, java.lang.Object, java.lang.Object, java.lang.Object, java.lang.Object, java.lang.Object, java.lang.Object, java.lang.Object, java.lang.Object, java.lang.Object, java.lang.Object, java.lang.Object)'> (0x000000070bc34270) 
thrown [s\src\hotspot\share\interpreter\lin
Event: 4.351 Thread 0x000001a50c467da0 Exception <a 'java/lang/NoSuchMethodError'{0x000000070bc5c418}: 'java.lang.Object java.lang.invoke.DirectMethodHandle$Holder.invokeStatic(java.lang.Object, java.lang.Object, java.lang.Object, java.lang.Object, java.lang.Object, java.lang.Object, java.lang.Object, java.lang.Object, java.lang.Object, java.lang.Object, java.lang.Object, java.lang.Object, java.lang.Object, java.lang.Object, java.lang.Object, java.lang.Object, java.lang.Object, java.lang.Object)'> (0x000000070bc5c418) 
thrown [s\src\hotspot\sha
Event: 4.352 Thread 0x000001a50c467da0 Exception <a 'java/lang/NoSuchMethodError'{0x000000070bc85228}: 'java.lang.Object java.lang.invoke.DirectMethodHandle$Holder.invokeStatic(java.lang.Object, java.lang.Object, java.lang.Object, java.lang.Object, java.lang.Object, java.lang.Object, java.lang.Object, java.lang.Object, java.lang.Object, java.lang.Object, java.lang.Object, java.lang.Object, java.lang.Object, java.lang.Object, java.lang.Object, java.lang.Object, java.lang.Object, java.lang.Object, java.lang.Object)'> (0x000000070bc85228) 
thrown 
Event: 4.354 Thread 0x000001a50c467da0 Exception <a 'java/lang/NoSuchMethodError'{0x000000070bcaf080}: 'java.lang.Object java.lang.invoke.DirectMethodHandle$Holder.invokeStatic(java.lang.Object, java.lang.Object, java.lang.Object, java.lang.Object, java.lang.Object, java.lang.Object, java.lang.Object, java.lang.Object, java.lang.Object, java.lang.Object, java.lang.Object, java.lang.Object, java.lang.Object, java.lang.Object, java.lang.Object, java.lang.Object, java.lang.Object, java.lang.Object, java.lang.Object, java.lang.Object)'> (0x00000007
Event: 4.356 Thread 0x000001a50c467da0 Exception <a 'java/lang/NoSuchMethodError'{0x000000070bcd9f38}: 'java.lang.Object java.lang.invoke.DirectMethodHandle$Holder.invokeStatic(java.lang.Object, java.lang.Object, java.lang.Object, java.lang.Object, java.lang.Object, java.lang.Object, java.lang.Object, java.lang.Object, java.lang.Object, java.lang.Object, java.lang.Object, java.lang.Object, java.lang.Object, java.lang.Object, java.lang.Object, java.lang.Object, java.lang.Object, java.lang.Object, java.lang.Object, java.lang.Object, java.lang.Obj
Event: 4.357 Thread 0x000001a50c467da0 Exception <a 'java/lang/NoSuchMethodError'{0x000000070bd05a30}: 'java.lang.Object java.lang.invoke.DirectMethodHandle$Holder.invokeStatic(java.lang.Object, java.lang.Object, java.lang.Object, java.lang.Object, java.lang.Object, java.lang.Object, java.lang.Object, java.lang.Object, java.lang.Object, java.lang.Object, java.lang.Object, java.lang.Object, java.lang.Object, java.lang.Object, java.lang.Object, java.lang.Object, java.lang.Object, java.lang.Object, java.lang.Object, java.lang.Object, java.lang.Obj
Event: 4.359 Thread 0x000001a50c467da0 Exception <a 'java/lang/NoSuchMethodError'{0x000000070bd32f00}: 'java.lang.Object java.lang.invoke.DirectMethodHandle$Holder.invokeStatic(java.lang.Object, java.lang.Object, java.lang.Object, java.lang.Object, java.lang.Object, java.lang.Object, java.lang.Object, java.lang.Object, java.lang.Object, java.lang.Object, java.lang.Object, java.lang.Object, java.lang.Object, java.lang.Object, java.lang.Object, java.lang.Object, java.lang.Object, java.lang.Object, java.lang.Object, java.lang.Object, java.lang.Obj
Event: 4.360 Thread 0x000001a50c467da0 Exception <a 'java/lang/NoSuchMethodError'{0x000000070bd61aa8}: 'java.lang.Object java.lang.invoke.DirectMethodHandle$Holder.invokeStatic(java.lang.Object, java.lang.Object, java.lang.Object, java.lang.Object, java.lang.Object, java.lang.Object, java.lang.Object, java.lang.Object, java.lang.Object, java.lang.Object, java.lang.Object, java.lang.Object, java.lang.Object, java.lang.Object, java.lang.Object, java.lang.Object, java.lang.Object, java.lang.Object, java.lang.Object, java.lang.Object, java.lang.Obj
Event: 4.419 Thread 0x000001a50c467da0 Exception <a 'java/lang/IncompatibleClassChangeError'{0x000000070357dea8}: Found class java.lang.Object, but interface was expected> (0x000000070357dea8) 
thrown [s\src\hotspot\share\interpreter\linkResolver.cpp, line 838]
Event: 4.515 Thread 0x000001a50c467da0 Exception <a 'java/lang/IncompatibleClassChangeError'{0x000000070f57abf0}: Found class java.lang.Object, but interface was expected> (0x000000070f57abf0) 
thrown [s\src\hotspot\share\interpreter\linkResolver.cpp, line 838]
Event: 4.537 Thread 0x000001a50c467da0 Exception <a 'java/lang/NoSuchMethodError'{0x000000070c2fe7d8}: 'int java.lang.invoke.DirectMethodHandle$Holder.invokeStaticInit(java.lang.Object, java.lang.Object, java.lang.Object, java.lang.Object, java.lang.Object)'> (0x000000070c2fe7d8) 
thrown [s\src\hotspot\share\interpreter\linkResolver.cpp, line 771]
Event: 4.570 Thread 0x000001a50c467da0 Implicit null exception at 0x000001a5728b56ec to 0x000001a5728b579c

VM Operations (20 events):
Event: 4.113 Executing VM operation: HandshakeAllThreads
Event: 4.113 Executing VM operation: HandshakeAllThreads done
Event: 4.113 Executing VM operation: HandshakeAllThreads
Event: 4.113 Executing VM operation: HandshakeAllThreads done
Event: 4.114 Executing VM operation: HandshakeAllThreads
Event: 4.114 Executing VM operation: HandshakeAllThreads done
Event: 4.207 Executing VM operation: G1CollectForAllocation
Event: 4.211 Executing VM operation: G1CollectForAllocation done
Event: 4.266 Executing VM operation: HandshakeAllThreads
Event: 4.266 Executing VM operation: HandshakeAllThreads done
Event: 4.266 Executing VM operation: HandshakeAllThreads
Event: 4.266 Executing VM operation: HandshakeAllThreads done
Event: 4.421 Executing VM operation: HandshakeAllThreads
Event: 4.421 Executing VM operation: HandshakeAllThreads done
Event: 4.482 Executing VM operation: G1CollectForAllocation
Event: 4.486 Executing VM operation: G1CollectForAllocation done
Event: 4.618 Executing VM operation: HandshakeAllThreads
Event: 4.618 Executing VM operation: HandshakeAllThreads done
Event: 4.767 Executing VM operation: HandshakeAllThreads
Event: 4.767 Executing VM operation: HandshakeAllThreads done

Events (20 events):
Event: 4.358 loading class java/lang/invoke/BoundMethodHandle$Species_LLLLLLLLLLLLLLLLLLLL
Event: 4.358 loading class java/lang/invoke/BoundMethodHandle$Species_LLLLLLLLLLLLLLLLLLLL done
Event: 4.360 loading class java/lang/invoke/BoundMethodHandle$Species_LLLLLLLLLLLLLLLLLLLLL
Event: 4.360 loading class java/lang/invoke/BoundMethodHandle$Species_LLLLLLLLLLLLLLLLLLLLL done
Event: 4.498 loading class java/util/stream/ReferencePipeline$4
Event: 4.498 loading class java/util/stream/ReferencePipeline$4 done
Event: 4.498 loading class java/util/function/IntBinaryOperator
Event: 4.498 loading class java/util/function/IntBinaryOperator done
Event: 4.498 loading class java/util/stream/ReduceOps$6
Event: 4.498 loading class java/util/stream/ReduceOps$6 done
Event: 4.498 loading class java/util/stream/ReduceOps$5ReducingSink
Event: 4.498 loading class java/util/stream/ReduceOps$5ReducingSink done
Event: 4.498 loading class java/util/stream/ReferencePipeline$4$1
Event: 4.499 loading class java/util/stream/ReferencePipeline$4$1 done
Event: 4.552 Thread 0x000001a50e583b20 Thread added: 0x000001a50e583b20
Event: 4.568 loading class jdk/internal/math/FDBigInteger
Event: 4.568 loading class jdk/internal/math/FDBigInteger done
Event: 4.582 Thread 0x000001a50e57ef30 Thread added: 0x000001a50e57ef30
Event: 4.618 loading class java/nio/file/AtomicMoveNotSupportedException
Event: 4.618 loading class java/nio/file/AtomicMoveNotSupportedException done


Dynamic libraries:
0x00007ff6bf240000 - 0x00007ff6bf24a000 	C:\Program Files\Android\Android Studio\jbr\bin\java.exe
0x00007ffdd1450000 - 0x00007ffdd1667000 	C:\Windows\SYSTEM32\ntdll.dll
0x00007ffdd0980000 - 0x00007ffdd0a44000 	C:\Windows\System32\KERNEL32.DLL
0x00007ffdcebf0000 - 0x00007ffdcef9d000 	C:\Windows\System32\KERNELBASE.dll
0x00007ffdce780000 - 0x00007ffdce891000 	C:\Windows\System32\ucrtbase.dll
0x00007ffd84080000 - 0x00007ffd8409b000 	C:\Program Files\Android\Android Studio\jbr\bin\VCRUNTIME140.dll
0x00007ffdb79b0000 - 0x00007ffdb79c7000 	C:\Program Files\Android\Android Studio\jbr\bin\jli.dll
0x00007ffdd0da0000 - 0x00007ffdd0f4e000 	C:\Windows\System32\USER32.dll
0x00007ffdbac10000 - 0x00007ffdbaea3000 	C:\Windows\WinSxS\amd64_microsoft.windows.common-controls_6595b64144ccf1df_6.0.22621.3672_none_2713b9d173822955\COMCTL32.dll
0x00007ffdcf0f0000 - 0x00007ffdcf116000 	C:\Windows\System32\win32u.dll
0x00007ffdd12a0000 - 0x00007ffdd1347000 	C:\Windows\System32\msvcrt.dll
0x00007ffdcf560000 - 0x00007ffdcf589000 	C:\Windows\System32\GDI32.dll
0x00007ffdcea10000 - 0x00007ffdceb29000 	C:\Windows\System32\gdi32full.dll
0x00007ffdcf050000 - 0x00007ffdcf0ea000 	C:\Windows\System32\msvcp_win.dll
0x00007ffdcfdf0000 - 0x00007ffdcfe21000 	C:\Windows\System32\IMM32.DLL
0x00007ffd94050000 - 0x00007ffd9405c000 	C:\Program Files\Android\Android Studio\jbr\bin\vcruntime140_1.dll
0x00007ffd64730000 - 0x00007ffd647bd000 	C:\Program Files\Android\Android Studio\jbr\bin\msvcp140.dll
0x00007ffd57a00000 - 0x00007ffd58683000 	C:\Program Files\Android\Android Studio\jbr\bin\server\jvm.dll
0x00007ffdd01c0000 - 0x00007ffdd0272000 	C:\Windows\System32\ADVAPI32.dll
0x00007ffdd1350000 - 0x00007ffdd13f9000 	C:\Windows\System32\sechost.dll
0x00007ffdcf020000 - 0x00007ffdcf048000 	C:\Windows\System32\bcrypt.dll
0x00007ffdcf190000 - 0x00007ffdcf2a4000 	C:\Windows\System32\RPCRT4.dll
0x00007ffdb1620000 - 0x00007ffdb1629000 	C:\Windows\SYSTEM32\WSOCK32.dll
0x00007ffdca4a0000 - 0x00007ffdca4d4000 	C:\Windows\SYSTEM32\WINMM.dll
0x00007ffdce640000 - 0x00007ffdce68d000 	C:\Windows\SYSTEM32\POWRPROF.dll
0x00007ffdd0a50000 - 0x00007ffdd0ac1000 	C:\Windows\System32\WS2_32.dll
0x00007ffdca120000 - 0x00007ffdca12a000 	C:\Windows\SYSTEM32\VERSION.dll
0x00007ffdce620000 - 0x00007ffdce633000 	C:\Windows\SYSTEM32\UMPDC.dll
0x00007ffdcd770000 - 0x00007ffdcd788000 	C:\Windows\SYSTEM32\kernel.appcore.dll
0x00007ffdba770000 - 0x00007ffdba77a000 	C:\Program Files\Android\Android Studio\jbr\bin\jimage.dll
0x00007ffdc63a0000 - 0x00007ffdc65d2000 	C:\Windows\SYSTEM32\DBGHELP.DLL
0x00007ffdcfe30000 - 0x00007ffdd01b8000 	C:\Windows\System32\combase.dll
0x00007ffdcf480000 - 0x00007ffdcf557000 	C:\Windows\System32\OLEAUT32.dll
0x00007ffdb2940000 - 0x00007ffdb2972000 	C:\Windows\SYSTEM32\dbgcore.DLL
0x00007ffdcefa0000 - 0x00007ffdcf01b000 	C:\Windows\System32\bcryptPrimitives.dll
0x00007ffdb78f0000 - 0x00007ffdb7915000 	C:\Program Files\Android\Android Studio\jbr\bin\java.dll
0x00007ffdb78d0000 - 0x00007ffdb78e8000 	C:\Program Files\Android\Android Studio\jbr\bin\zip.dll
0x00007ffdcf590000 - 0x00007ffdcfdef000 	C:\Windows\System32\SHELL32.dll
0x00007ffdcc680000 - 0x00007ffdccf7c000 	C:\Windows\SYSTEM32\windows.storage.dll
0x00007ffdcc540000 - 0x00007ffdcc67f000 	C:\Windows\SYSTEM32\wintypes.dll
0x00007ffdd0850000 - 0x00007ffdd0944000 	C:\Windows\System32\SHCORE.dll
0x00007ffdd0d40000 - 0x00007ffdd0d9e000 	C:\Windows\System32\shlwapi.dll
0x00007ffdce6b0000 - 0x00007ffdce6d1000 	C:\Windows\SYSTEM32\profapi.dll
0x00007ffdb78b0000 - 0x00007ffdb78c9000 	C:\Program Files\Android\Android Studio\jbr\bin\net.dll
0x00007ffdca780000 - 0x00007ffdca8b6000 	C:\Windows\SYSTEM32\WINHTTP.dll
0x00007ffdcdbd0000 - 0x00007ffdcdc39000 	C:\Windows\system32\mswsock.dll
0x00007ffdb7890000 - 0x00007ffdb78a6000 	C:\Program Files\Android\Android Studio\jbr\bin\nio.dll
0x00007ffdb75e0000 - 0x00007ffdb75f0000 	C:\Program Files\Android\Android Studio\jbr\bin\verify.dll
0x00007ffd64700000 - 0x00007ffd64727000 	C:\Users\Admin\.gradle\native\c067742578af261105cb4f569cf0c3c89f3d7b1fecec35dd04571415982c5e48\windows-amd64\native-platform.dll
0x00007ffd56b90000 - 0x00007ffd56cd4000 	C:\Users\Admin\.gradle\native\38dada09dfb8b06ba9b0570ebf7e218e3eb74d4ef43ca46872605cf95ebc2f47\windows-amd64\native-platform-file-events.dll
0x00007ffdb9040000 - 0x00007ffdb9049000 	C:\Program Files\Android\Android Studio\jbr\bin\management.dll
0x00007ffdb8d60000 - 0x00007ffdb8d6b000 	C:\Program Files\Android\Android Studio\jbr\bin\management_ext.dll
0x00007ffdd1400000 - 0x00007ffdd1408000 	C:\Windows\System32\PSAPI.DLL
0x00007ffdcdf20000 - 0x00007ffdcdf3b000 	C:\Windows\SYSTEM32\CRYPTSP.dll
0x00007ffdcd6d0000 - 0x00007ffdcd705000 	C:\Windows\system32\rsaenh.dll
0x00007ffdcdc70000 - 0x00007ffdcdc98000 	C:\Windows\SYSTEM32\USERENV.dll
0x00007ffdcdf00000 - 0x00007ffdcdf0c000 	C:\Windows\SYSTEM32\CRYPTBASE.dll
0x00007ffdcd1e0000 - 0x00007ffdcd20d000 	C:\Windows\SYSTEM32\IPHLPAPI.DLL
0x00007ffdd0950000 - 0x00007ffdd0959000 	C:\Windows\System32\NSI.dll
0x00007ffdcac70000 - 0x00007ffdcac89000 	C:\Windows\SYSTEM32\dhcpcsvc6.DLL
0x00007ffdca9a0000 - 0x00007ffdca9bf000 	C:\Windows\SYSTEM32\dhcpcsvc.DLL
0x00007ffdcd250000 - 0x00007ffdcd348000 	C:\Windows\SYSTEM32\DNSAPI.dll
0x00007ffdb75f0000 - 0x00007ffdb75f9000 	C:\Program Files\Android\Android Studio\jbr\bin\extnet.dll
0x00007ffdb7880000 - 0x00007ffdb7888000 	C:\Windows\system32\wshunix.dll

dbghelp: loaded successfully - version: 4.0.5 - missing functions: none
symbol engine: initialized successfully - sym options: 0x614 - pdb path: .;C:\Program Files\Android\Android Studio\jbr\bin;C:\Windows\SYSTEM32;C:\Windows\WinSxS\amd64_microsoft.windows.common-controls_6595b64144ccf1df_6.0.22621.3672_none_2713b9d173822955;C:\Program Files\Android\Android Studio\jbr\bin\server;C:\Users\Admin\.gradle\native\c067742578af261105cb4f569cf0c3c89f3d7b1fecec35dd04571415982c5e48\windows-amd64;C:\Users\Admin\.gradle\native\38dada09dfb8b06ba9b0570ebf7e218e3eb74d4ef43ca46872605cf95ebc2f47\windows-amd64

VM Arguments:
jvm_args: -XX:+HeapDumpOnOutOfMemoryError --add-opens=java.base/java.util=ALL-UNNAMED --add-opens=java.base/java.lang=ALL-UNNAMED --add-opens=java.base/java.lang.invoke=ALL-UNNAMED --add-opens=java.prefs/java.util.prefs=ALL-UNNAMED --add-opens=java.base/java.nio.charset=ALL-UNNAMED --add-opens=java.base/java.net=ALL-UNNAMED --add-opens=java.base/java.util.concurrent.atomic=ALL-UNNAMED -Xmx4G -Dfile.encoding=windows-1252 -Duser.country=US -Duser.language=en -Duser.variant 
java_command: org.gradle.launcher.daemon.bootstrap.GradleDaemon 7.6.3
java_class_path (initial): C:\Users\Admin\.gradle\wrapper\dists\gradle-7.6.3-all\aocdy2d2z8kodnny3rsumj8i8\gradle-7.6.3\lib\gradle-launcher-7.6.3.jar
Launcher Type: SUN_STANDARD

[Global flags]
     intx CICompilerCount                          = 4                                         {product} {ergonomic}
     uint ConcGCThreads                            = 3                                         {product} {ergonomic}
     uint G1ConcRefinementThreads                  = 10                                        {product} {ergonomic}
   size_t G1HeapRegionSize                         = 2097152                                   {product} {ergonomic}
    uintx GCDrainStackTargetSize                   = 64                                        {product} {ergonomic}
     bool HeapDumpOnOutOfMemoryError               = true                                   {manageable} {command line}
   size_t InitialHeapSize                          = 257949696                                 {product} {ergonomic}
   size_t MarkStackSize                            = 4194304                                   {product} {ergonomic}
   size_t MaxHeapSize                              = 4294967296                                {product} {command line}
   size_t MaxNewSize                               = 2575302656                                {product} {ergonomic}
   size_t MinHeapDeltaBytes                        = 2097152                                   {product} {ergonomic}
   size_t MinHeapSize                              = 8388608                                   {product} {ergonomic}
    uintx NonNMethodCodeHeapSize                   = 5839372                                {pd product} {ergonomic}
    uintx NonProfiledCodeHeapSize                  = 122909434                              {pd product} {ergonomic}
    uintx ProfiledCodeHeapSize                     = 122909434                              {pd product} {ergonomic}
    uintx ReservedCodeCacheSize                    = 251658240                              {pd product} {ergonomic}
     bool SegmentedCodeCache                       = true                                      {product} {ergonomic}
   size_t SoftMaxHeapSize                          = 4294967296                             {manageable} {ergonomic}
     bool UseCompressedClassPointers               = true                           {product lp64_product} {ergonomic}
     bool UseCompressedOops                        = true                           {product lp64_product} {ergonomic}
     bool UseG1GC                                  = true                                      {product} {ergonomic}
     bool UseLargePagesIndividualAllocation        = false                                  {pd product} {ergonomic}

Logging:
Log output configuration:
 #0: stdout all=warning uptime,level,tags
 #1: stderr all=off uptime,level,tags

Environment Variables:
JAVA_HOME=C:\Program Files\Android\Android Studio\jbr
CLASSPATH=C:\Users\Admin\StudioProjects\myloginlogout\android\\gradle\wrapper\gradle-wrapper.jar
PATH=C:\Program Files\Android\Android Studio\jbr\bin;C:\Program Files (x86)\Common Files\Intel\Shared Libraries\redist\ia32_win\compiler;C:\Program Files (x86)\Common Files\Intel\Shared Libraries\redist\intel64_win\compiler;C:\Program Files\Common Files\Oracle\Java\javapath;C:\Windows\system32;C:\Windows;C:\Windows\System32\Wbem;C:\Windows\System32\WindowsPowerShell\v1.0\;C:\Windows\System32\OpenSSH\;C:\Program Files (x86)\NVIDIA Corporation\PhysX\Common;C:\Program Files\NVIDIA Corporation\NVIDIA NvDLISR;C:\Program Files\Microsoft VS Code\bin;C:\Users\Admin\AppData\Local\Microsoft\WindowsApps;C:\adb;C:\Program Files\dotnet\;C:\Users\Admin\AppData\Local\Microsoft\WindowsApps;C:\Users\Admin\AppData\Roaming\DevTools\;C:\Program Files\PowerShell\7\;C:\Program Files\WireSock VPN Client\bin\;C:\Program Files\Git\cmd;C:\Program Files (x86)\Windows Kits\10\Windows Performance Toolkit\;C:\Users\Admin\AppData\Local\Microsoft\WindowsApps;C:\dart-sdk\bin;C:\dev\flutter\bin;C:\Program Files\Java\jdk-22\bin;C:\Program Files\Java\jdk-19\bin;C:\Program Files\Java\jdk-17\bin;C:\dart-sdk;C:\dev\flutter;;C:\dev\flutter\bin\mingit\cmd
USERNAME=Admin
OS=Windows_NT
PROCESSOR_IDENTIFIER=AMD64 Family 25 Model 80 Stepping 0, AuthenticAMD
TMP=C:\Users\Admin\AppData\Local\Temp
TEMP=C:\Users\Admin\AppData\Local\Temp



Periodic native trim disabled

JNI global refs:
JNI global refs: 23, weak refs: 1

JNI global refs memory usage: 843, weak refs: 841

OOME stack traces (most recent first):
Classloader memory used:
Loader org.gradle.internal.classloader.VisitableURLClassLoader                         : 2949K
Loader bootstrap                                                                       : 2333K
Loader org.gradle.initialization.MixInLegacyTypesClassLoader                           : 492K
Loader jdk.internal.loader.ClassLoaders$PlatformClassLoader                            : 64840B
Loader jdk.internal.loader.ClassLoaders$AppClassLoader                                 : 26009B
Loader jdk.internal.reflect.DelegatingClassLoader                                      : 5248B
Loader org.gradle.groovy.scripts.internal.DefaultScriptCompilationHandler$ScriptClassLoader: 5071B
Loader org.codehaus.groovy.runtime.callsite.CallSiteClassLoader                        : 1914B
Loader org.gradle.internal.classloader.VisitableURLClassLoader                         : 1314B

Classes loaded by more than one classloader:
Class org.gradle.internal.installation.GradleInstallation                             : loaded 2 times (x 73B)
Class org.gradle.internal.classpath.ClassPath                                         : loaded 2 times (x 68B)
Class org.gradle.api.internal.classpath.DefaultModuleRegistry                         : loaded 2 times (x 84B)
Class org.gradle.api.Action                                                           : loaded 2 times (x 68B)
Class org.gradle.api.internal.DefaultClassPathProvider                                : loaded 2 times (x 74B)
Class org.gradle.internal.installation.GradleInstallation$1                           : loaded 2 times (x 73B)
Class org.gradle.internal.classloader.FilteringClassLoader                            : loaded 2 times (x 103B)
Class org.gradle.internal.classpath.DefaultClassPath$ImmutableUniqueList$Builder      : loaded 2 times (x 73B)
Class org.gradle.internal.classloader.ClassLoaderVisitor                              : loaded 2 times (x 74B)
Class org.gradle.internal.service.DefaultServiceLocator                               : loaded 2 times (x 81B)
Class org.gradle.internal.service.UnknownServiceException                             : loaded 2 times (x 81B)
Class org.gradle.internal.classloader.DefaultClassLoaderFactory                       : loaded 2 times (x 80B)
Class org.gradle.internal.classloader.VisitableURLClassLoader$Spec                    : loaded 2 times (x 72B)
Class org.gradle.api.GradleException                                                  : loaded 2 times (x 80B)
Class org.gradle.api.internal.classpath.ModuleRegistry                                : loaded 2 times (x 68B)
Class org.gradle.api.internal.ClassPathProvider                                       : loaded 2 times (x 68B)
Class org.gradle.internal.classloader.ClasspathUtil$1                                 : loaded 2 times (x 74B)
Class org.gradle.internal.classloader.ClassLoaderFactory                              : loaded 2 times (x 68B)
Class org.gradle.api.internal.classpath.ManifestUtil                                  : loaded 2 times (x 69B)
Class org.gradle.api.specs.Spec                                                       : loaded 2 times (x 68B)
Class org.gradle.internal.IoActions                                                   : loaded 2 times (x 69B)
Class org.gradle.api.internal.classpath.EffectiveClassPath                            : loaded 2 times (x 88B)
Class org.gradle.internal.installation.CurrentGradleInstallation                      : loaded 2 times (x 71B)
Class org.gradle.internal.installation.CurrentGradleInstallationLocator               : loaded 2 times (x 69B)
Class org.gradle.api.internal.classpath.Module                                        : loaded 2 times (x 68B)
Class org.gradle.internal.service.CachingServiceLocator                               : loaded 2 times (x 80B)
Class org.gradle.internal.classpath.DefaultClassPath                                  : loaded 2 times (x 88B)
Class org.gradle.api.Transformer                                                      : loaded 2 times (x 68B)
Class org.gradle.internal.classloader.SystemClassLoaderSpec                           : loaded 2 times (x 69B)
Class org.gradle.api.UncheckedIOException                                             : loaded 2 times (x 80B)
Class org.gradle.internal.classloader.ClasspathUtil                                   : loaded 2 times (x 69B)
Class org.gradle.api.internal.DefaultClassPathRegistry                                : loaded 2 times (x 74B)
Class org.gradle.api.internal.classpath.DefaultModuleRegistry$DefaultModule           : loaded 2 times (x 84B)
Class org.gradle.api.internal.classpath.UnknownModuleException                        : loaded 2 times (x 80B)
Class org.gradle.internal.service.ServiceLookupException                              : loaded 2 times (x 80B)
Class org.gradle.cache.GlobalCache                                                    : loaded 2 times (x 68B)
Class [Lorg.gradle.api.internal.ClassPathProvider;                                    : loaded 2 times (x 67B)
Class org.gradle.util.internal.GUtil                                                  : loaded 2 times (x 69B)
Class org.gradle.internal.classloader.ClassLoaderSpec                                 : loaded 2 times (x 69B)
Class org.gradle.internal.classloader.VisitableURLClassLoader                         : loaded 2 times (x 115B)
Class org.gradle.internal.Cast                                                        : loaded 2 times (x 69B)
Class org.gradle.api.internal.ClassPathRegistry                                       : loaded 2 times (x 68B)
Class org.gradle.internal.classloader.ClassLoaderHierarchy                            : loaded 2 times (x 68B)
Class org.gradle.internal.service.ServiceLocator                                      : loaded 2 times (x 68B)
Class org.gradle.internal.classpath.DefaultClassPath$ImmutableUniqueList              : loaded 2 times (x 159B)


---------------  S Y S T E M  ---------------

OS:
 Windows 11 , 64 bit Build 22621 (10.0.22621.3672)
OS uptime: 4 days 0:05 hours
Hyper-V role detected

CPU: total 12 (initial active 12) (12 cores per cpu, 2 threads per core) family 25 model 80 stepping 0 microcode 0x0, cx8, cmov, fxsr, ht, mmx, 3dnowpref, sse, sse2, sse3, ssse3, sse4a, sse4.1, sse4.2, popcnt, lzcnt, tsc, tscinvbit, avx, avx2, aes, erms, clmul, bmi1, bmi2, adx, sha, fma, vzeroupper, clflush, clflushopt, hv
Processor Information for all 12 processors :
  Max Mhz: 3301, Current Mhz: 3301, Mhz Limit: 3301

Memory: 4k page, system-wide physical 15711M (416M free)
TotalPageFile size 23903M (AvailPageFile size 152M)
current process WorkingSet (physical memory assigned to process): 240M, peak: 240M
current process commit charge ("private bytes"): 278M, peak: 392M

vm_info: OpenJDK 64-Bit Server VM (17.0.10+0--11609105) for windows-amd64 JRE (17.0.10+0--11609105), built on Mar 21 2024 19:10:56 by "androidbuild" with MS VC++ 16.10 / 16.11 (VS2019)

END.
